<?xml version="1.0" encoding="utf-8"?><testsuites name="pytest tests"><testsuite name="pytest" errors="0" failures="0" skipped="0" tests="5" time="3.699" timestamp="2026-07-04T16:13:18.720478+00:00" hostname="agent-env-368bd428-054d-4ed0-be5c-b4aaf6dfeef5"><testcase classname="backend.tests.test_iteration13_notifications_unified.TestUnifiedNotificationsFeed" name="test_follow_and_moment_like_appear_in_same_feed" time="2.058" /><testcase classname="backend.tests.test_iteration13_notifications_unified.TestUnifiedNotificationsFeed" name="test_mark_all_read_clears_both_counts" time="0.305" /><testcase classname="backend.tests.test_iteration13_notifications_unified.TestUnifiedNotificationsFeed" name="test_notifications_list_still_200_after_mark_all_read" time="0.092" /><testcase classname="backend.tests.test_iteration13_notifications_unified.TestCategoryScopedMarkRead" name="test_category_moments_scoping_unaffected" time="0.872" /><testcase classname="backend.tests.test_iteration13_notifications_unified.TestRoomJoinAnnouncementContract" name="test_join_broadcasts_joined_field_in_room_update" time="0.302" /></testsuite></testsuites>